<?xml version="1.0" encoding="UTF-8"?>
<testng-results ignored="0" total="3" passed="3" failed="0" skipped="0">
  <reporter-output>
  </reporter-output>
  <suite started-at="2022-03-24T01:00:58 IST" name="Default suite" finished-at="2022-03-24T01:01:03 IST" duration-ms="4527">
    <groups>
    </groups>
    <test started-at="2022-03-24T01:00:58 IST" name="Default test" finished-at="2022-03-24T01:01:03 IST" duration-ms="4527">
      <class name="DynamicJason_4">
        <test-method signature="addBook(java.lang.String,java.lang.String)[pri:0, instance:DynamicJason_4@62230c58]" started-at="2022-03-24T01:00:58 IST" name="addBook" data-provider="BooksData" finished-at="2022-03-24T01:01:02 IST" duration-ms="3510" status="PASS">
          <params>
            <param index="0">
              <value>
                <![CDATA[awsa]]>
              </value>
            </param>
            <param index="1">
              <value>
                <![CDATA[1234]]>
              </value>
            </param>
          </params>
          <reporter-output>
          </reporter-output>
        </test-method> <!-- addBook -->
        <test-method signature="addBook(java.lang.String,java.lang.String)[pri:0, instance:DynamicJason_4@62230c58]" started-at="2022-03-24T01:01:02 IST" name="addBook" data-provider="BooksData" finished-at="2022-03-24T01:01:02 IST" duration-ms="459" status="PASS">
          <params>
            <param index="0">
              <value>
                <![CDATA[wapo]]>
              </value>
            </param>
            <param index="1">
              <value>
                <![CDATA[4321]]>
              </value>
            </param>
          </params>
          <reporter-output>
          </reporter-output>
        </test-method> <!-- addBook -->
        <test-method signature="addBook(java.lang.String,java.lang.String)[pri:0, instance:DynamicJason_4@62230c58]" started-at="2022-03-24T01:01:02 IST" name="addBook" data-provider="BooksData" finished-at="2022-03-24T01:01:03 IST" duration-ms="484" status="PASS">
          <params>
            <param index="0">
              <value>
                <![CDATA[rony]]>
              </value>
            </param>
            <param index="1">
              <value>
                <![CDATA[6675]]>
              </value>
            </param>
          </params>
          <reporter-output>
          </reporter-output>
        </test-method> <!-- addBook -->
      </class> <!-- DynamicJason_4 -->
    </test> <!-- Default test -->
  </suite> <!-- Default suite -->
</testng-results>
